Arguments: 
  /home/sid/.nvm/versions/node/v17.8.0/bin/node /usr/local/bin/yarn

PATH: 
  /home/sid/.local/bin:/home/sid/bin:/home/sid/.nvm/versions/node/v17.8.0/bin:/usr/local/sbin:/usr/local/bin:/usr/sbin:/usr/bin:/sbin:/bin:/usr/games:/usr/local/games:/usr/lib/wsl/lib:/mnt/c/Program Files/WindowsApps/CanonicalGroupLimited.Ubuntu18.04onWindows_1804.2020.824.0_x64__79rhkp1fndgsc:/mnt/c/WINDOWS/system32:/mnt/c/WINDOWS:/mnt/c/WINDOWS/System32/Wbem:/mnt/c/WINDOWS/System32/WindowsPowerShell/v1.0/:/mnt/c/WINDOWS/System32/OpenSSH/:/mnt/c/Program Files/WireGuard/:/mnt/c/Users/22sid/AppData/Local/Microsoft/WindowsApps:/mnt/c/Users/22sid/AppData/Local/Programs/Microsoft VS Code/bin:/snap/bin

Yarn version: 
  1.22.18

Node version: 
  17.8.0

Platform: 
  linux x64

Trace: 
  SyntaxError: /home/sid/DfS-project/ListingPlatform/frontend/package.json: Unexpected token < in JSON at position 109
      at JSON.parse (<anonymous>)
      at /usr/local/lib/node_modules/yarn/lib/cli.js:1625:59
      at Generator.next (<anonymous>)
      at step (/usr/local/lib/node_modules/yarn/lib/cli.js:310:30)
      at /usr/local/lib/node_modules/yarn/lib/cli.js:321:13

npm manifest: 
  {
    "name": "template",
    "version": "0.1.0",
    "private": true,
    "dependencies": {
      "axios": "^0.21.1",
  <<<<<<< HEAD
      "bootstrap": "^4.6.0",
  =======
      "bootstrap": "4.6.0",
      "jquery": "^3.6.0",
  >>>>>>> 6adcb155217cbd064a455288b215cb8c4a7da392
      "react": "^17.0.2",
      "react-dom": "^17.0.2",
      "react-router-dom": "^5.2.0",
      "react-scripts": "3.4.1"
    },
    "scripts": {
      "start": "react-app-rewired start",
      "build": "react-app-rewired build",
      "test": "react-app-rewired test",
      "eject": "react-app-rewired eject"
    },
    "eslintConfig": {
      "extends": "react-app"
    },
    "browserslist": {
      "production": [
        ">0.2%",
        "not dead",
        "not op_mini all"
      ],
      "development": [
        "last 1 chrome version",
        "last 1 firefox version",
        "last 1 safari version"
      ]
    },
    "devDependencies": {
      "react-app-rewired": "^2.1.8"
    }
  }

yarn manifest: 
  No manifest

Lockfile: 
  No lockfile
